* Starting client
* Connecting to master process on port 13621
* Analyzing classpath: 
  - /home/zycuu/Documents/CS362/GitKrakenRepo/CS362RepoFork/projects/phippsg/target/classes
  - /home/zycuu/.m2/repository/junit/junit/4.12/junit-4.12.jar
  - /home/zycuu/.m2/repository/org/hamcrest/hamcrest-core/1.3/hamcrest-core-1.3.jar
* Finished analyzing classpath
* Generating tests for class org.cs362.dominion.Card
* Test criteria:
  - Line Coverage
  - Branch Coverage
  - Exception
  - Mutation testing (weak)
  - Method-Output Coverage
  - Top-Level Method Coverage
  - No-Exception Top-Level Method Coverage
  - Context Branch Coverage
* Setting up search algorithm for whole suite generation
[MASTER] 11:51:11.433 [pool-2-thread-1] WARN  TestSuiteSerialization - Cannot load tests because file does not exist: /home/zycuu/Documents/CS362/GitKrakenRepo/CS362RepoFork/projects/phippsg/.evosuite/evosuite-seeds/org.cs362.dominion.Card.seed
* Total number of test goals: 
  - Line 142
  - Branch 124
  - Exception 0
  - MutationFactory 9
  - Output 18
  - Method 9
  - MethodNoException 9
  - CBranchFitnessFactory 124
* Using seed 1490035863654
* Starting evolution
* Search finished after 74s and 66 generations, 15275 statements, best individual has fitness: 152.14392992441145
* Writing sequences to pool
* Minimizing test suite
* Going to analyze the coverage criteria
* Coverage analysis for criterion LINE
* Coverage of criterion LINE: 70%
* Total number of goals: 142
* Number of covered goals: 99
* Coverage analysis for criterion BRANCH
* Coverage of criterion BRANCH: 70%
* Total number of goals: 124
* Number of covered goals: 87
* Coverage analysis for criterion EXCEPTION
* Coverage of criterion EXCEPTION: 100%
* Total number of goals: 2
* Number of covered goals: 2
* Coverage analysis for criterion WEAKMUTATION
* Coverage of criterion WEAKMUTATION: 100%
* Total number of goals: 9
* Number of covered goals: 9
* Coverage analysis for criterion OUTPUT
* Coverage of criterion OUTPUT: 61%
* Total number of goals: 18
* Number of covered goals: 11
* Coverage analysis for criterion METHOD
* Coverage of criterion METHOD: 100%
* Total number of goals: 9
* Number of covered goals: 9
* Coverage analysis for criterion METHODNOEXCEPTION
* Coverage of criterion METHODNOEXCEPTION: 100%
* Total number of goals: 9
* Number of covered goals: 9
* Coverage analysis for criterion CBRANCH
* Coverage of criterion CBRANCH: 70%
* Total number of goals: 124
* Number of covered goals: 87
* Generated 23 tests with total length 35
* Resulting test suite's coverage: 84% (average coverage for all fitness functions)
* Generating assertions
* Resulting test suite's mutation score: 49%
* Compiling and checking tests
* Writing JUnit test case 'Card_ESTest' to /home/zycuu/Documents/CS362/GitKrakenRepo/CS362RepoFork/projects/phippsg/.evosuite/tmp_2017_03_20_11_48_21/tests
* Done!

