* Starting client
* Connecting to master process on port 7015
* Analyzing classpath: 
  - /home/zycuu/Documents/CS362/GitKrakenRepo/CS362RepoFork/projects/phippsg/target/classes
  - /home/zycuu/.m2/repository/junit/junit/4.12/junit-4.12.jar
  - /home/zycuu/.m2/repository/org/hamcrest/hamcrest-core/1.3/hamcrest-core-1.3.jar
* Finished analyzing classpath
* Generating tests for class org.cs362.dominion.Player
* Test criteria:
  - Line Coverage
  - Branch Coverage
  - Exception
  - Mutation testing (weak)
  - Method-Output Coverage
  - Top-Level Method Coverage
  - No-Exception Top-Level Method Coverage
  - Context Branch Coverage
* Setting up search algorithm for whole suite generation
[MASTER] 11:52:54.619 [pool-2-thread-1] WARN  TestSuiteSerialization - Cannot load tests because file does not exist: /home/zycuu/Documents/CS362/GitKrakenRepo/CS362RepoFork/projects/phippsg/.evosuite/evosuite-seeds/org.cs362.dominion.Player.seed
* Total number of test goals: 
  - Line 107
  - Branch 73
  - Exception 0
  - MutationFactory 355
  - Output 40
  - Method 18
  - MethodNoException 18
  - CBranchFitnessFactory 73
* Using seed 1490035967143
* Starting evolution
* Search finished after 59s and 7 generations, 2603 statements, best individual has fitness: 194.09919974567293
* Writing sequences to pool
* Minimizing test suite
[MASTER] 11:54:05.251 [pool-2-thread-1] WARN  TestSuiteMinimizer - Minimization timeout. Roll back to original test suite
[MASTER] 11:54:05.253 [pool-2-thread-1] WARN  TimeController - Phase MINIMIZATION lasted too long, 1 seconds more than allowed.
* Going to analyze the coverage criteria
* Coverage analysis for criterion LINE
* Coverage of criterion LINE: 84%
* Total number of goals: 107
* Number of covered goals: 90
* Coverage analysis for criterion BRANCH
* Coverage of criterion BRANCH: 68%
* Total number of goals: 73
* Number of covered goals: 50
* Coverage analysis for criterion EXCEPTION
* Coverage of criterion EXCEPTION: 100%
* Total number of goals: 13
* Number of covered goals: 13
* Coverage analysis for criterion WEAKMUTATION
* Coverage of criterion WEAKMUTATION: 77%
* Total number of goals: 355
* Number of covered goals: 273
* Coverage analysis for criterion OUTPUT
* Coverage of criterion OUTPUT: 38%
* Total number of goals: 40
* Number of covered goals: 15
* Coverage analysis for criterion METHOD
* Coverage of criterion METHOD: 100%
* Total number of goals: 18
* Number of covered goals: 18
* Coverage analysis for criterion METHODNOEXCEPTION
* Coverage of criterion METHODNOEXCEPTION: 94%
* Total number of goals: 18
* Number of covered goals: 17
* Coverage analysis for criterion CBRANCH
* Coverage of criterion CBRANCH: 68%
* Total number of goals: 73
* Number of covered goals: 50
* Generated 25 tests with total length 290
* Resulting test suite's coverage: 77% (average coverage for all fitness functions)
* Generating assertions
* Resulting test suite's mutation score: 11%
* Compiling and checking tests
[MASTER] 11:54:15.554 [pool-2-thread-1] WARN  TimeController - Phase ASSERTION_GENERATION lasted too long, 2 seconds more than allowed.
* Writing JUnit test case 'Player_ESTest' to /home/zycuu/Documents/CS362/GitKrakenRepo/CS362RepoFork/projects/phippsg/.evosuite/tmp_2017_03_20_11_48_21/tests
* Done!

