* Starting client
* Connecting to master process on port 7031
* Analyzing classpath: 
  - /home/zycuu/Documents/CS362/GitKrakenRepo/CS362RepoFork/projects/phippsg/target/classes
  - /home/zycuu/.m2/repository/junit/junit/4.12/junit-4.12.jar
  - /home/zycuu/.m2/repository/org/hamcrest/hamcrest-core/1.3/hamcrest-core-1.3.jar
* Finished analyzing classpath
* Generating tests for class org.cs362.dominion.GameState
* Test criteria:
  - Line Coverage
  - Branch Coverage
  - Exception
  - Mutation testing (weak)
  - Method-Output Coverage
  - Top-Level Method Coverage
  - No-Exception Top-Level Method Coverage
  - Context Branch Coverage
* Setting up search algorithm for whole suite generation
[MASTER] 11:48:36.389 [pool-2-thread-1] WARN  TestSuiteSerialization - Cannot load tests because file does not exist: /home/zycuu/Documents/CS362/GitKrakenRepo/CS362RepoFork/projects/phippsg/.evosuite/evosuite-seeds/org.cs362.dominion.GameState.seed
* Total number of test goals: 
  - Line 190
  - Branch 175
  - Exception 0
  - MutationFactory 166
  - Output 19
  - Method 9
  - MethodNoException 9
  - CBranchFitnessFactory 175
* Using seed 1490035708356
* Starting evolution
* Search finished after 94s and 8 generations, 2195 statements, best individual has fitness: 829.4365319775331
* Writing sequences to pool
* Minimizing test suite
[MASTER] 11:50:28.996 [pool-2-thread-1] WARN  TestSuiteMinimizer - Minimization timeout. Roll back to original test suite
* Going to analyze the coverage criteria
* Coverage analysis for criterion LINE
* Coverage of criterion LINE: 29%
* Total number of goals: 190
* Number of covered goals: 56
* Coverage analysis for criterion BRANCH
* Coverage of criterion BRANCH: 11%
* Total number of goals: 175
* Number of covered goals: 20
* Coverage analysis for criterion EXCEPTION
* Coverage of criterion EXCEPTION: 100%
* Total number of goals: 10
* Number of covered goals: 10
* Coverage analysis for criterion WEAKMUTATION
* Coverage of criterion WEAKMUTATION: 42%
* Total number of goals: 166
* Number of covered goals: 69
* Coverage analysis for criterion OUTPUT
* Coverage of criterion OUTPUT: 21%
* Total number of goals: 19
* Number of covered goals: 4
* Coverage analysis for criterion METHOD
* Coverage of criterion METHOD: 100%
* Total number of goals: 9
* Number of covered goals: 9
* Coverage analysis for criterion METHODNOEXCEPTION
* Coverage of criterion METHODNOEXCEPTION: 44%
* Total number of goals: 9
* Number of covered goals: 4
* Coverage analysis for criterion CBRANCH
* Coverage of criterion CBRANCH: 10%
* Total number of goals: 175
* Number of covered goals: 17
* Generated 13 tests with total length 124
* Resulting test suite's coverage: 35% (average coverage for all fitness functions)
* Generating assertions
* Resulting test suite's mutation score: 0%
* Compiling and checking tests
* Writing JUnit test case 'GameState_ESTest' to /home/zycuu/Documents/CS362/GitKrakenRepo/CS362RepoFork/projects/phippsg/.evosuite/tmp_2017_03_20_11_48_21/tests
* Done!

